C51 COMPILER V9.60.0.0   MAIN                                                              07/05/2022 10:59:54 PAGE 1   


C51 COMPILER V9.60.0.0, COMPILATION OF MODULE MAIN
OBJECT MODULE PLACED IN .\Objects\main.obj
COMPILER INVOKED BY: E:\keil\C51\BIN\C51.EXE main.c OPTIMIZE(8,SPEED) BROWSE DEBUG OBJECTEXTEND PRINT(.\Listings\main.ls
                    -t) OBJECT(.\Objects\main.obj)

line level    source

   1          #include <REGX52.H>
   2          #include "lcd1602.h"
   3          #include "delay.h"
   4          unsigned char a[4]={0xf7,0xfb,0xfd,0xfe};
   5          unsigned int key;
   6          unsigned char i;
   7          unsigned char n;
   8          unsigned int num;
   9          unsigned char c;
  10          unsigned int keymode()//获取案件的值
  11          {
  12   1              P1=a[i];//列扫描
  13   1                      i++;
  14   1                      if(i==4)
  15   1                      {
  16   2                              i=0;
  17   2                      }
  18   1              if(P1==0x77)//第一个按键按下
  19   1              {
  20   2                      delay_ms(20);
  21   2                      if(P1==0x77)
  22   2                      {
  23   3                              n=1;
  24   3                              while(P1==0x77)
  25   3                              {}
  26   3                      }
  27   2                      delay_ms(20);
  28   2              }
  29   1              else if(P1==0x7b)
  30   1              {
  31   2                      delay_ms(20);
  32   2                      if(P1==0x7b)
  33   2                      {
  34   3                              n=2;
  35   3                              while(P1==0x7b)
  36   3                              {}
  37   3                      }
  38   2                      delay_ms(20);
  39   2              }
  40   1              else if(P1==0x7d)
  41   1              {
  42   2                      delay_ms(20);
  43   2                      if(P1==0x7d)
  44   2                      {
  45   3                              n=3;
  46   3                              while(P1==0x7d)
  47   3                              {}
  48   3                      }
  49   2                      delay_ms(20);
  50   2              }
  51   1              else if(P1==0x7e)
  52   1              {
  53   2                      delay_ms(20);
  54   2                      if(P1==0x7e)
C51 COMPILER V9.60.0.0   MAIN                                                              07/05/2022 10:59:54 PAGE 2   

  55   2                      {
  56   3                              n=4;
  57   3                              while(P1==0x7e)
  58   3                              {}
  59   3                      }
  60   2                      delay_ms(20);
  61   2              }
  62   1              else if(P1==0xb7)
  63   1              {
  64   2                      delay_ms(20);
  65   2                      if(P1==0xb7)
  66   2                      {
  67   3                              n=5;
  68   3                              while(P1==0xb7)
  69   3                              {}
  70   3                      }
  71   2                      delay_ms(20);
  72   2              }
  73   1              else if(P1==0xbb)
  74   1              {
  75   2                      delay_ms(20);
  76   2                      if(P1==0xbb)
  77   2                      {
  78   3                              n=6;
  79   3                              while(P1==0xbb)
  80   3                              {}
  81   3                      }
  82   2                      delay_ms(20);
  83   2              }
  84   1              else if(P1==0xbd)
  85   1              {
  86   2                      delay_ms(20);
  87   2                      if(P1==0xbd)
  88   2                      {
  89   3                              n=7;
  90   3                              while(P1==0xbd)
  91   3                              {}
  92   3                      }
  93   2                      delay_ms(20);
  94   2              }
  95   1              else if(P1==0xbe)
  96   1              {
  97   2                      delay_ms(20);
  98   2                      if(P1==0xbe)
  99   2                      {
 100   3                              n=8;
 101   3                              while(P1==0xbe)
 102   3                              {}
 103   3                      }
 104   2                      delay_ms(20);
 105   2              }
 106   1              else if(P1==0xd7)
 107   1              {
 108   2                      delay_ms(20);
 109   2                      if(P1==0xd7)
 110   2                      {
 111   3                              n=9;
 112   3                              while(P1==0xd7)
 113   3                              {}
 114   3                      }
 115   2                      delay_ms(20);
 116   2              }
C51 COMPILER V9.60.0.0   MAIN                                                              07/05/2022 10:59:54 PAGE 3   

 117   1              else if(P1==0xdb)
 118   1              {
 119   2                      delay_ms(20);
 120   2                      if(P1==0xdb)
 121   2                      {
 122   3                              n=10;
 123   3                              while(P1==0xdb)
 124   3                              {}
 125   3                      }
 126   2                      delay_ms(20);
 127   2              }
 128   1              else if(P1==0xdd)
 129   1              {
 130   2                      delay_ms(20);
 131   2                      if(P1==0xdd)
 132   2                      {
 133   3                              n=11;
 134   3                              while(P1==0xdd)
 135   3                              {}
 136   3                      }
 137   2                      delay_ms(20);
 138   2              }
 139   1              else if(P1==0xde)
 140   1              {
 141   2                      delay_ms(20);
 142   2                      if(P1==0xde)
 143   2                      {
 144   3                              n=12;
 145   3                              while(P1==0xde)
 146   3                              {}
 147   3                      }
 148   2                      delay_ms(20);
 149   2              }
 150   1              else if(P1==0xe7)
 151   1              {
 152   2                      delay_ms(20);
 153   2                      if(P1==0xe7)
 154   2                      {
 155   3                              n=13;
 156   3                              while(P1==0xe7)
 157   3                              {}
 158   3                      }
 159   2                      delay_ms(20);
 160   2              }
 161   1              else if(P1==0xeb)
 162   1              {
 163   2                      delay_ms(20);
 164   2                      if(P1==0xeb)
 165   2                      {
 166   3                              n=14;
 167   3                              while(P1==0xeb)
 168   3                              {}
 169   3                      }
 170   2                      delay_ms(20);
 171   2              }
 172   1                      else if(P1==0xed)
 173   1              {
 174   2                      delay_ms(20);
 175   2                      if(P1==0xed)
 176   2                      {
 177   3                              n=15;
 178   3                              while(P1==0xed)
C51 COMPILER V9.60.0.0   MAIN                                                              07/05/2022 10:59:54 PAGE 4   

 179   3                              {}
 180   3                      }
 181   2                      delay_ms(20);
 182   2              }
 183   1                      else if(P1==0xee)
 184   1              {
 185   2                      delay_ms(20);
 186   2                      if(P1==0xee)
 187   2                      {
 188   3                              n=16;
 189   3                              while(P1==0xee)
 190   3                              {}
 191   3                      }
 192   2                      delay_ms(20);
 193   2              }
 194   1              else
 195   1              {
 196   2                      return 0;//没有按键按下返回0
 197   2              }
 198   1              return n;
 199   1      }
 200          void main()
 201          {
 202   1              LCD_Init();
 203   1              LCD_ShowString(1,1,"password");
 204   1              num=0;
 205   1              while (1)
 206   1              {
 207   2                      
 208   2                      key=keymode();
 209   2                      if(key)//当有按键按下进入循环
 210   2                      {
 211   3                              if (key<=10&&num<=9999)//读取0~9的键值，且要求得到的数不能大于9999
 212   3                              {
 213   4                                      num=num*10;
 214   4                                      num=num+key%10;    //得到屏幕上的显示数
 215   4                                      LCD_ShowNum(2,1,num,4);
 216   4                              }
 217   3                              else if(key>=14)
 218   3                              {
 219   4                                      num=num/10;        //删除一个数
 220   4                                      LCD_ShowNum(2,1,num,4);
 221   4                              }
 222   3                              if(num==2573&&key==11) //如果屏幕上的数为2573 且按下11这个确认键则密码正确
 223   3                              {
 224   4                                      LCD_Init();
 225   4                                      LCD_ShowString(1,1,"Correct password");
 226   4                              }
 227   3                              else if(num!=2573&&key==11)
 228   3                              {
 229   4                                      
 230   4                                      LCD_ShowString(1,10,"error");
 231   4                              }
 232   3                      }
 233   2                      
 234   2              }
 235   1      }


MODULE INFORMATION:   STATIC OVERLAYABLE
   CODE SIZE        =    771    ----
   CONSTANT SIZE    =     32    ----
C51 COMPILER V9.60.0.0   MAIN                                                              07/05/2022 10:59:54 PAGE 5   

   XDATA SIZE       =   ----    ----
   PDATA SIZE       =   ----    ----
   DATA SIZE        =     11    ----
   IDATA SIZE       =   ----    ----
   BIT SIZE         =   ----    ----
END OF MODULE INFORMATION.


C51 COMPILATION COMPLETE.  0 WARNING(S),  0 ERROR(S)
